<?xml version="1.0" encoding="UTF-8"?>
<!-- Generated by org.testng.reporters.JUnitReportReporter -->
<testsuite skipped="0" hostname="ADMINER" name="tests.Sanity.SanityTest" tests="1" failures="0" timestamp="2022-01-26T22:10:18 IST" time="20.126" errors="0">
  <testcase name="test_01" time="20.126" classname="tests.Sanity.SanityTest"/>
  <system-out/>
</testsuite> <!-- tests.Sanity.SanityTest -->
