<?xml version="1.0" encoding="UTF-8"?>
<!-- Generated by org.testng.reporters.JUnitReportReporter -->
<testsuite skipped="0" hostname="ADMINER" name="tests.Sanity.SanityTest" tests="1" failures="0" timestamp="2022-01-29T16:46:07 IST" time="10.768" errors="0">
  <testcase name="test_01" time="10.768" classname="tests.Sanity.SanityTest"/>
  <system-out/>
</testsuite> <!-- tests.Sanity.SanityTest -->
